C51 COMPILER V9.54   ________                                                              01/12/2026 19:30:28 PAGE 1   


C51 COMPILER V9.54, COMPILATION OF MODULE ________
OBJECT MODULE PLACED IN .\Objects\制冷计时.obj
COMPILER INVOKED BY: C:\Keil_v5\C51\BIN\C51.EXE 制冷计时.c OPTIMIZE(8,SPEED) BROWSE DEBUG OBJECTEXTEND PRINT(.\Listings\
                    -制冷计时.lst) TABS(2) OBJECT(.\Objects\制冷计时.obj)

line level    source

   1          #include <REGX52.H>
   2          #include "Nixie.h"
   3          #include "Delay.h"
   4          #include "OneWire.h"
   5          #include "DS18B20.h"
   6          void  main()
   7          {
   8   1        int j,k;
   9   1        while(1)
  10   1        {
  11   2            if(T>(s+0.1*s1)+0.5)
*** ERROR C202 IN LINE 11 OF 制冷计时.c: 'T': undefined identifier
  12   2            {
  13   3            Delay(1000);
  14   3            k++;
  15   3          if(k>9)
  16   3          {
  17   4            k=0;
  18   4            j++;
  19   4          }
  20   3          Nixie(1,j);
  21   3          Nixie(2,k);
  22   3        }
  23   2      }
  24   1        }

C51 COMPILATION COMPLETE.  0 WARNING(S),  1 ERROR(S)
